开始异步任务
客户端ID 1 已连接
客户端ID 2 已连接
获取到信息来源于客户端1信息为：123

开始处理线程
任务ID 0 来源于线程ID 0
数据为: {"fd":1}
Taks 0 Handle 0 times...
Taks 0 Handle 1 times...
Taks 0 Handle 2 times...
Taks 0 Handle 3 times...
Taks 0 Handle 4 times...
Taks 0 Handle 5 times...
Taks 0 Handle 6 times...
Taks 0 Handle 7 times...
Taks 0 Handle 8 times...
Taks 0 Handle 9 times...
Task 0 finish
Result: 任务ID 0 的结果
获取到信息来源于客户端2信息为：abc

开始处理线程
任务ID 0 来源于线程ID 1
数据为: {"fd":2}
Taks 0 Handle 0 times...
Taks 0 Handle 1 times...
Taks 0 Handle 2 times...
Taks 0 Handle 3 times...
Taks 0 Handle 4 times...
Taks 0 Handle 5 times...
Taks 0 Handle 6 times...
Taks 0 Handle 7 times...
Taks 0 Handle 8 times...
Taks 0 Handle 9 times...
Task 0 finish
Result: 任务ID 0 的结果
客户端ID 3 已连接
获取到信息来源于客户端3信息为：123
开始处理线程
任务ID 0 来源于线程ID 2
数据为: {"fd":3}
Taks 0 Handle 0 times...
客户端ID 3 连接断开
Taks 0 Handle 1 times...
Taks 0 Handle 2 times...
Taks 0 Handle 3 times...
Taks 0 Handle 4 times...
Taks 0 Handle 5 times...
Taks 0 Handle 6 times...
Taks 0 Handle 7 times...
Taks 0 Handle 8 times...
Taks 0 Handle 9 times...
[2020-12-21 18:03:33 ^4021.10]	NOTICE	swFactoryProcess_finish (ERRNO 1005): connection[fd=3] does not exists
Task 0 finish
Result: 任务ID 0 的结果
客户端ID 4 已连接
获取到信息来源于客户端4信息为：abc
开始处理线程
任务ID 1 来源于线程ID 2
数据为: {"fd":4}
客户端ID 4 连接断开
Taks 1 Handle 0 times...
Taks 1 Handle 1 times...
Taks 1 Handle 2 times...
Taks 1 Handle 3 times...
Taks 1 Handle 4 times...
Taks 1 Handle 5 times...
Taks 1 Handle 6 times...
Taks 1 Handle 7 times...
Taks 1 Handle 8 times...
Taks 1 Handle 9 times...
[2020-12-21 18:05:36 ^4022.11]	NOTICE	swFactoryProcess_finish (ERRNO 1005): connection[fd=4] does not exists
Task 1 finish
Result: 任务ID 1 的结果
客户端ID 5 已连接
获取到信息来源于客户端5信息为：123
开始处理线程
任务ID 2 来源于线程ID 2
数据为: {"fd":5}
Taks 2 Handle 0 times...
客户端ID 5 连接断开
Taks 2 Handle 1 times...
Taks 2 Handle 2 times...
Taks 2 Handle 3 times...
Taks 2 Handle 4 times...
Taks 2 Handle 5 times...
Taks 2 Handle 6 times...
Taks 2 Handle 7 times...
Taks 2 Handle 8 times...
Taks 2 Handle 9 times...
[2020-12-21 18:08:51 ^4023.12]	NOTICE	swFactoryProcess_finish (ERRNO 1005): connection[fd=5] does not exists
Task 2 finish
Result: 任务ID 2 的结果
获取到信息来源于客户端1信息为：

开始处理线程
任务ID 1 来源于线程ID 0
数据为: {"fd":1}
Taks 1 Handle 0 times...
Taks 1 Handle 1 times...
获取到信息来源于客户端1信息为：12321

开始处理线程
任务ID 2 来源于线程ID 0
数据为: {"fd":1}
Taks 1 Handle 2 times...
Taks 2 Handle 0 times...
Taks 1 Handle 3 times...
Taks 2 Handle 1 times...
Taks 1 Handle 4 times...
Taks 2 Handle 2 times...
Taks 1 Handle 5 times...
Taks 2 Handle 3 times...
Taks 1 Handle 6 times...
Taks 2 Handle 4 times...
Taks 1 Handle 7 times...
Taks 2 Handle 5 times...
Taks 1 Handle 8 times...
Taks 2 Handle 6 times...
Taks 1 Handle 9 times...
Task 1 finish
Result: 任务ID 1 的结果
Taks 2 Handle 7 times...
Taks 2 Handle 8 times...
Taks 2 Handle 9 times...
Task 2 finish
Result: 任务ID 2 的结果
获取到信息来源于客户端2信息为：11

开始处理线程
任务ID 1 来源于线程ID 1
数据为: {"fd":2}
Taks 1 Handle 0 times...
Taks 1 Handle 1 times...
Taks 1 Handle 2 times...
Taks 1 Handle 3 times...
Taks 1 Handle 4 times...
Taks 1 Handle 5 times...
Taks 1 Handle 6 times...
Taks 1 Handle 7 times...
Taks 1 Handle 8 times...
Taks 1 Handle 9 times...
Task 1 finish
Result: 任务ID 1 的结果
客户端ID 2 连接断开
客户端ID 1 连接断开
